1638897634431	geckodriver	INFO	Listening on 127.0.0.1:55461
1638897634436	mozrunner::runner	INFO	Running command: "/usr/bin/firefox" "--marionette" "--remote-debugging-port" "37305" "-no-remote" "-profile" "/tmp/rust_mozprofileKdqAc9"
1638897635778	Marionette	INFO	Marionette enabled
console.warn: SearchSettings: "get: No settings file exists, new profile?" (new NotFoundError("Could not open the file at /tmp/rust_mozprofileKdqAc9/search.json.mozlz4", (void 0)))
DevTools listening on ws://localhost:37305/devtools/browser/abe9b940-0758-428f-9b5d-754b611a260e
1638897636981	Marionette	INFO	Listening on port 46407
1638897637093	RemoteAgent	WARN	TLS certificate errors will be ignored for this session
1638897643402	Marionette	INFO	Stopped listening on port 46407
console.warn: TopSitesFeed: Failed to fetch data from Contile server: NetworkError when attempting to fetch resource.
1638897660479	geckodriver	INFO	Listening on 127.0.0.1:57837
1638897660484	mozrunner::runner	INFO	Running command: "/usr/bin/firefox" "--marionette" "--remote-debugging-port" "46157" "-no-remote" "-profile" "/tmp/rust_mozprofileVEfHjL"
1638897661865	Marionette	INFO	Marionette enabled
console.warn: SearchSettings: "get: No settings file exists, new profile?" (new NotFoundError("Could not open the file at /tmp/rust_mozprofileVEfHjL/search.json.mozlz4", (void 0)))
DevTools listening on ws://localhost:46157/devtools/browser/e5539438-1d20-4906-b5dc-83faacd235fc
1638897663014	Marionette	INFO	Listening on port 37115
1638897663105	RemoteAgent	WARN	TLS certificate errors will be ignored for this session
1638897667352	Marionette	INFO	Stopped listening on port 37115
console.warn: TopSitesFeed: Failed to fetch data from Contile server: NetworkError when attempting to fetch resource.

###!!! [Parent][RunMessage] Error: Channel closing: too late to send/recv, messages will be lost

1638897686060	geckodriver	INFO	Listening on 127.0.0.1:45697
1638897686066	mozrunner::runner	INFO	Running command: "/usr/bin/firefox" "--marionette" "--remote-debugging-port" "45323" "-no-remote" "-profile" "/tmp/rust_mozprofilekr9ddd"
1638897687425	Marionette	INFO	Marionette enabled
console.warn: SearchSettings: "get: No settings file exists, new profile?" (new NotFoundError("Could not open the file at /tmp/rust_mozprofilekr9ddd/search.json.mozlz4", (void 0)))
DevTools listening on ws://localhost:45323/devtools/browser/fe7ef29b-c549-43c1-8d91-675612ce2770
1638897688548	Marionette	INFO	Listening on port 37299
1638897688585	RemoteAgent	WARN	TLS certificate errors will be ignored for this session
1638897692812	Marionette	INFO	Stopped listening on port 37299
console.warn: TopSitesFeed: Failed to fetch data from Contile server: NetworkError when attempting to fetch resource.
1638897745305	geckodriver	INFO	Listening on 127.0.0.1:33785
1638897745310	mozrunner::runner	INFO	Running command: "/usr/bin/firefox" "--marionette" "--remote-debugging-port" "51565" "-no-remote" "-profile" "/tmp/rust_mozprofileIrL7Sg"
1638897746624	Marionette	INFO	Marionette enabled
console.warn: SearchSettings: "get: No settings file exists, new profile?" (new NotFoundError("Could not open the file at /tmp/rust_mozprofileIrL7Sg/search.json.mozlz4", (void 0)))
DevTools listening on ws://localhost:51565/devtools/browser/f36655bd-f50f-4d51-a96f-5d13edbe7853
1638897747867	Marionette	INFO	Listening on port 33861
1638897747929	RemoteAgent	WARN	TLS certificate errors will be ignored for this session
1638897758241	Marionette	INFO	Stopped listening on port 33861
console.warn: TopSitesFeed: Failed to fetch data from Contile server: NetworkError when attempting to fetch resource.
1638897936069	geckodriver	INFO	Listening on 127.0.0.1:51027
1638897936074	mozrunner::runner	INFO	Running command: "/usr/bin/firefox" "--marionette" "--remote-debugging-port" "46785" "-no-remote" "-profile" "/tmp/rust_mozprofileYwFhId"
1638897937447	Marionette	INFO	Marionette enabled
console.warn: SearchSettings: "get: No settings file exists, new profile?" (new NotFoundError("Could not open the file at /tmp/rust_mozprofileYwFhId/search.json.mozlz4", (void 0)))
DevTools listening on ws://localhost:46785/devtools/browser/db9d7ea4-0759-40ad-8e23-9222c8de8c89
1638897938684	Marionette	INFO	Listening on port 38941
1638897938841	RemoteAgent	WARN	TLS certificate errors will be ignored for this session
1638897944469	Marionette	INFO	Stopped listening on port 38941
console.warn: TopSitesFeed: Failed to fetch data from Contile server: NetworkError when attempting to fetch resource.

###!!! [Parent][RunMessage] Error: Channel closing: too late to send/recv, messages will be lost

1638898205591	geckodriver	INFO	Listening on 127.0.0.1:44509
1638898205598	mozrunner::runner	INFO	Running command: "/usr/bin/firefox" "--marionette" "--remote-debugging-port" "53609" "-no-remote" "-profile" "/tmp/rust_mozprofile9QLrog"
1638898206947	Marionette	INFO	Marionette enabled
console.warn: SearchSettings: "get: No settings file exists, new profile?" (new NotFoundError("Could not open the file at /tmp/rust_mozprofile9QLrog/search.json.mozlz4", (void 0)))
DevTools listening on ws://localhost:53609/devtools/browser/80ec3b71-3fbb-40b0-914c-57025857a293
1638898208343	Marionette	INFO	Listening on port 41787
1638898208532	RemoteAgent	WARN	TLS certificate errors will be ignored for this session
1638898214221	Marionette	INFO	Stopped listening on port 41787
console.warn: TopSitesFeed: Failed to fetch data from Contile server: NetworkError when attempting to fetch resource.
1638898250452	geckodriver	INFO	Listening on 127.0.0.1:34905
1638898250457	mozrunner::runner	INFO	Running command: "/usr/bin/firefox" "--marionette" "--remote-debugging-port" "50921" "-no-remote" "-profile" "/tmp/rust_mozprofileprlIrt"
1638898251242	Marionette	INFO	Marionette enabled
console.warn: SearchSettings: "get: No settings file exists, new profile?" (new NotFoundError("Could not open the file at /tmp/rust_mozprofileprlIrt/search.json.mozlz4", (void 0)))
DevTools listening on ws://localhost:50921/devtools/browser/77c463a7-e5b3-447f-a261-4661c3791347
1638898252351	Marionette	INFO	Listening on port 41421
1638898252375	RemoteAgent	WARN	TLS certificate errors will be ignored for this session
1638898257494	Marionette	INFO	Stopped listening on port 41421
console.warn: TopSitesFeed: Failed to fetch data from Contile server: NetworkError when attempting to fetch resource.

###!!! [Parent][RunMessage] Error: Channel closing: too late to send/recv, messages will be lost

1638898265927	geckodriver	INFO	Listening on 127.0.0.1:47403
1638898265932	mozrunner::runner	INFO	Running command: "/usr/bin/firefox" "--marionette" "--remote-debugging-port" "33097" "-no-remote" "-profile" "/tmp/rust_mozprofileGXWH0h"
1638898267261	Marionette	INFO	Marionette enabled
console.warn: SearchSettings: "get: No settings file exists, new profile?" (new NotFoundError("Could not open the file at /tmp/rust_mozprofileGXWH0h/search.json.mozlz4", (void 0)))
DevTools listening on ws://localhost:33097/devtools/browser/79fa725a-7d0c-4c4a-8254-67a299d31a0f
1638898268315	Marionette	INFO	Listening on port 42933
1638898268356	RemoteAgent	WARN	TLS certificate errors will be ignored for this session
1638898273758	Marionette	INFO	Stopped listening on port 42933
console.warn: TopSitesFeed: Failed to fetch data from Contile server: NetworkError when attempting to fetch resource.
1638898302825	geckodriver	INFO	Listening on 127.0.0.1:55609
1638898302830	mozrunner::runner	INFO	Running command: "/usr/bin/firefox" "--marionette" "--remote-debugging-port" "45069" "-no-remote" "-profile" "/tmp/rust_mozprofilee1FtTn"
1638898303572	Marionette	INFO	Marionette enabled
console.warn: SearchSettings: "get: No settings file exists, new profile?" (new NotFoundError("Could not open the file at /tmp/rust_mozprofilee1FtTn/search.json.mozlz4", (void 0)))
DevTools listening on ws://localhost:45069/devtools/browser/53ea85bf-0d46-4157-9c60-66bf87734473
1638898304658	Marionette	INFO	Listening on port 32803
1638898304749	RemoteAgent	WARN	TLS certificate errors will be ignored for this session
1638898313358	Marionette	INFO	Stopped listening on port 32803
console.warn: TopSitesFeed: Failed to fetch data from Contile server: NetworkError when attempting to fetch resource.

###!!! [Parent][RunMessage] Error: Channel closing: too late to send/recv, messages will be lost

1638898332424	geckodriver	INFO	Listening on 127.0.0.1:54889
1638898332429	mozrunner::runner	INFO	Running command: "/usr/bin/firefox" "--marionette" "--remote-debugging-port" "48859" "-no-remote" "-profile" "/tmp/rust_mozprofileQou2aX"
1638898333795	Marionette	INFO	Marionette enabled
console.warn: SearchSettings: "get: No settings file exists, new profile?" (new NotFoundError("Could not open the file at /tmp/rust_mozprofileQou2aX/search.json.mozlz4", (void 0)))
DevTools listening on ws://localhost:48859/devtools/browser/f4f5196b-9564-41e6-af48-1f32d3237465
1638898335076	Marionette	INFO	Listening on port 46349
1638898335151	RemoteAgent	WARN	TLS certificate errors will be ignored for this session
1638898341187	Marionette	INFO	Stopped listening on port 46349
console.warn: TopSitesFeed: Failed to fetch data from Contile server: NetworkError when attempting to fetch resource.
1638898360397	geckodriver	INFO	Listening on 127.0.0.1:60827
1638898360402	mozrunner::runner	INFO	Running command: "/usr/bin/firefox" "--marionette" "--remote-debugging-port" "58203" "-no-remote" "-profile" "/tmp/rust_mozprofilePPnFiy"
1638898361753	Marionette	INFO	Marionette enabled
console.warn: SearchSettings: "get: No settings file exists, new profile?" (new NotFoundError("Could not open the file at /tmp/rust_mozprofilePPnFiy/search.json.mozlz4", (void 0)))
DevTools listening on ws://localhost:58203/devtools/browser/af6d569d-83b4-45d0-833c-85a595bcd6de
1638898362861	Marionette	INFO	Listening on port 46741
1638898362922	RemoteAgent	WARN	TLS certificate errors will be ignored for this session
1638898370923	Marionette	INFO	Stopped listening on port 46741
console.warn: TopSitesFeed: Failed to fetch data from Contile server: NetworkError when attempting to fetch resource.

###!!! [Parent][RunMessage] Error: Channel closing: too late to send/recv, messages will be lost

1638898409294	geckodriver	INFO	Listening on 127.0.0.1:50409
1638898409298	mozrunner::runner	INFO	Running command: "/usr/bin/firefox" "--marionette" "--remote-debugging-port" "56709" "-no-remote" "-profile" "/tmp/rust_mozprofilelB1pTQ"
1638898410008	Marionette	INFO	Marionette enabled
console.warn: SearchSettings: "get: No settings file exists, new profile?" (new NotFoundError("Could not open the file at /tmp/rust_mozprofilelB1pTQ/search.json.mozlz4", (void 0)))
DevTools listening on ws://localhost:56709/devtools/browser/d951f026-8d1f-4a6c-9235-1f0418ff02ab
1638898411334	Marionette	INFO	Listening on port 46765
1638898411415	RemoteAgent	WARN	TLS certificate errors will be ignored for this session
1638898419078	Marionette	INFO	Stopped listening on port 46765
console.warn: TopSitesFeed: Failed to fetch data from Contile server: NetworkError when attempting to fetch resource.

###!!! [Parent][RunMessage] Error: Channel closing: too late to send/recv, messages will be lost

1638898432823	geckodriver	INFO	Listening on 127.0.0.1:38391
1638898432827	mozrunner::runner	INFO	Running command: "/usr/bin/firefox" "--marionette" "--remote-debugging-port" "54369" "-no-remote" "-profile" "/tmp/rust_mozprofileCLGzBa"
1638898434185	Marionette	INFO	Marionette enabled
console.warn: SearchSettings: "get: No settings file exists, new profile?" (new NotFoundError("Could not open the file at /tmp/rust_mozprofileCLGzBa/search.json.mozlz4", (void 0)))
DevTools listening on ws://localhost:54369/devtools/browser/f9c05632-153a-4346-bb68-0c9f17de67de
1638898435413	Marionette	INFO	Listening on port 33955
1638898435449	RemoteAgent	WARN	TLS certificate errors will be ignored for this session
1638898438496	Marionette	INFO	Stopped listening on port 33955
console.warn: TopSitesFeed: Failed to fetch data from Contile server: NetworkError when attempting to fetch resource.
1638898482011	geckodriver	INFO	Listening on 127.0.0.1:37813
1638898482016	mozrunner::runner	INFO	Running command: "/usr/bin/firefox" "--marionette" "--remote-debugging-port" "41063" "-no-remote" "-profile" "/tmp/rust_mozprofileyaZ4j5"
1638898483368	Marionette	INFO	Marionette enabled
console.warn: SearchSettings: "get: No settings file exists, new profile?" (new NotFoundError("Could not open the file at /tmp/rust_mozprofileyaZ4j5/search.json.mozlz4", (void 0)))
DevTools listening on ws://localhost:41063/devtools/browser/9f92567c-cb39-4bd1-aab5-981bacd861a5
1638898484736	Marionette	INFO	Listening on port 39309
1638898484910	RemoteAgent	WARN	TLS certificate errors will be ignored for this session
1638898487902	Marionette	INFO	Stopped listening on port 39309
console.warn: TopSitesFeed: Failed to fetch data from Contile server: NetworkError when attempting to fetch resource.

###!!! [Parent][RunMessage] Error: Channel closing: too late to send/recv, messages will be lost

1638898514180	geckodriver	INFO	Listening on 127.0.0.1:54877
1638898514184	mozrunner::runner	INFO	Running command: "/usr/bin/firefox" "--marionette" "--remote-debugging-port" "34685" "-no-remote" "-profile" "/tmp/rust_mozprofilejk7dg3"
1638898514877	Marionette	INFO	Marionette enabled
console.warn: SearchSettings: "get: No settings file exists, new profile?" (new NotFoundError("Could not open the file at /tmp/rust_mozprofilejk7dg3/search.json.mozlz4", (void 0)))
DevTools listening on ws://localhost:34685/devtools/browser/cfcca6c5-0e3b-4186-8b0d-b82e97d57e9a
1638898515962	Marionette	INFO	Listening on port 39393
1638898516423	RemoteAgent	WARN	TLS certificate errors will be ignored for this session
1638898525325	Marionette	INFO	Stopped listening on port 39393
console.warn: TopSitesFeed: Failed to fetch data from Contile server: NetworkError when attempting to fetch resource.
1638898977079	geckodriver	INFO	Listening on 127.0.0.1:35225
1638898977083	mozrunner::runner	INFO	Running command: "/usr/bin/firefox" "--marionette" "--headless" "--remote-debugging-port" "59151" "-no-remote" "-profile" "/tmp/rust_mozprofiletPfxpG"
*** You are running in headless mode.
1638898978471	Marionette	INFO	Marionette enabled
[GFX1-]: RenderCompositorSWGL failed mapping default framebuffer, no dt
console.warn: SearchSettings: "get: No settings file exists, new profile?" (new NotFoundError("Could not open the file at /tmp/rust_mozprofiletPfxpG/search.json.mozlz4", (void 0)))
DevTools listening on ws://localhost:59151/devtools/browser/081199c6-73f2-4526-99d0-9aac4823f891
1638898979511	Marionette	INFO	Listening on port 36305
1638898979605	RemoteAgent	WARN	TLS certificate errors will be ignored for this session
1638898990648	geckodriver	INFO	Listening on 127.0.0.1:49583
1638898990653	mozrunner::runner	INFO	Running command: "/usr/bin/firefox" "--marionette" "--headless" "--remote-debugging-port" "41757" "-no-remote" "-profile" "/tmp/rust_mozprofileJnhNiC"
*** You are running in headless mode.
1638898991021	Marionette	INFO	Marionette enabled
[GFX1-]: RenderCompositorSWGL failed mapping default framebuffer, no dt
console.warn: SearchSettings: "get: No settings file exists, new profile?" (new NotFoundError("Could not open the file at /tmp/rust_mozprofileJnhNiC/search.json.mozlz4", (void 0)))
DevTools listening on ws://localhost:41757/devtools/browser/4ff285a3-07c6-4ddf-a548-7e2fcedb5725
1638898991931	Marionette	INFO	Listening on port 37207
1638898991969	RemoteAgent	WARN	TLS certificate errors will be ignored for this session
1638899264166	geckodriver	INFO	Listening on 127.0.0.1:58231
1638899264171	mozrunner::runner	INFO	Running command: "/usr/bin/firefox" "--marionette" "--headless" "--remote-debugging-port" "46297" "-no-remote" "-profile" "/tmp/rust_mozprofileos1SWn"
*** You are running in headless mode.
1638899265513	Marionette	INFO	Marionette enabled
[GFX1-]: RenderCompositorSWGL failed mapping default framebuffer, no dt
console.warn: SearchSettings: "get: No settings file exists, new profile?" (new NotFoundError("Could not open the file at /tmp/rust_mozprofileos1SWn/search.json.mozlz4", (void 0)))
DevTools listening on ws://localhost:46297/devtools/browser/4721d9ad-9440-4920-979b-57733aeffed3
1638899266542	Marionette	INFO	Listening on port 35483
1638899266610	RemoteAgent	WARN	TLS certificate errors will be ignored for this session
console.log: WebExtensions: reset-default-search: starting.
console.log: WebExtensions: reset-default-search: No addons in our list are installed.
console.log: WebExtensions: reset-default-search: starting.
console.log: WebExtensions: reset-default-search: No addons in our list are installed.
1638899438913	geckodriver	INFO	Listening on 127.0.0.1:56427
1638899438917	mozrunner::runner	INFO	Running command: "/usr/bin/firefox" "--marionette" "--headless" "--remote-debugging-port" "36269" "-no-remote" "-profile" "/tmp/rust_mozprofileycMV0K"
*** You are running in headless mode.
1638899440292	Marionette	INFO	Marionette enabled
[GFX1-]: RenderCompositorSWGL failed mapping default framebuffer, no dt
console.warn: SearchSettings: "get: No settings file exists, new profile?" (new NotFoundError("Could not open the file at /tmp/rust_mozprofileycMV0K/search.json.mozlz4", (void 0)))
DevTools listening on ws://localhost:36269/devtools/browser/73fcca27-50df-48b4-92f5-c2073175bcdb
1638899441234	Marionette	INFO	Listening on port 35595
1638899441806	RemoteAgent	WARN	TLS certificate errors will be ignored for this session
1638899455214	geckodriver	INFO	Listening on 127.0.0.1:56297
1638899455219	mozrunner::runner	INFO	Running command: "/usr/bin/firefox" "--marionette" "--headless" "--remote-debugging-port" "52853" "-no-remote" "-profile" "/tmp/rust_mozprofileOds2WJ"
*** You are running in headless mode.
1638899456586	Marionette	INFO	Marionette enabled
[GFX1-]: RenderCompositorSWGL failed mapping default framebuffer, no dt
console.warn: SearchSettings: "get: No settings file exists, new profile?" (new NotFoundError("Could not open the file at /tmp/rust_mozprofileOds2WJ/search.json.mozlz4", (void 0)))
DevTools listening on ws://localhost:52853/devtools/browser/18a9d679-35c5-449f-9f43-8450cc6de78b
1638899457555	Marionette	INFO	Listening on port 34801
1638899457637	RemoteAgent	WARN	TLS certificate errors will be ignored for this session
1638899472222	geckodriver	INFO	Listening on 127.0.0.1:38161
1638899472227	mozrunner::runner	INFO	Running command: "/usr/bin/firefox" "--marionette" "--headless" "--remote-debugging-port" "36359" "-no-remote" "-profile" "/tmp/rust_mozprofileAyofPR"
*** You are running in headless mode.
1638899473573	Marionette	INFO	Marionette enabled
[GFX1-]: RenderCompositorSWGL failed mapping default framebuffer, no dt
console.warn: SearchSettings: "get: No settings file exists, new profile?" (new NotFoundError("Could not open the file at /tmp/rust_mozprofileAyofPR/search.json.mozlz4", (void 0)))
DevTools listening on ws://localhost:36359/devtools/browser/1b24ed97-d9d4-4c98-a9c4-9e13f45617ad
1638899474519	Marionette	INFO	Listening on port 40659
1638899474548	RemoteAgent	WARN	TLS certificate errors will be ignored for this session
1638899625659	geckodriver	INFO	Listening on 127.0.0.1:43973
1638899625663	mozrunner::runner	INFO	Running command: "/usr/bin/firefox" "--marionette" "--headless" "--remote-debugging-port" "34357" "-no-remote" "-profile" "/tmp/rust_mozprofilewgxhDY"
*** You are running in headless mode.
1638899627024	Marionette	INFO	Marionette enabled
[GFX1-]: RenderCompositorSWGL failed mapping default framebuffer, no dt
console.warn: SearchSettings: "get: No settings file exists, new profile?" (new NotFoundError("Could not open the file at /tmp/rust_mozprofilewgxhDY/search.json.mozlz4", (void 0)))
DevTools listening on ws://localhost:34357/devtools/browser/420e870e-fd37-40ee-be52-d30fff0adf76
1638899628144	Marionette	INFO	Listening on port 42175
1638899628182	RemoteAgent	WARN	TLS certificate errors will be ignored for this session
console.log: WebExtensions: reset-default-search: starting.
console.log: WebExtensions: reset-default-search: No addons in our list are installed.
Exiting due to channel error.
Exiting due to channel error.
Exiting due to channel error.
1638899685735	geckodriver	INFO	Listening on 127.0.0.1:59937
1638899685739	mozrunner::runner	INFO	Running command: "/usr/bin/firefox" "--marionette" "--headless" "--remote-debugging-port" "56867" "-no-remote" "-profile" "/tmp/rust_mozprofile14iboX"
*** You are running in headless mode.
1638899687113	Marionette	INFO	Marionette enabled
[GFX1-]: RenderCompositorSWGL failed mapping default framebuffer, no dt
console.warn: SearchSettings: "get: No settings file exists, new profile?" (new NotFoundError("Could not open the file at /tmp/rust_mozprofile14iboX/search.json.mozlz4", (void 0)))
DevTools listening on ws://localhost:56867/devtools/browser/e44d3c1f-e208-4dc0-b1b6-04837a430ab0
1638899688110	Marionette	INFO	Listening on port 33949
1638899688157	RemoteAgent	WARN	TLS certificate errors will be ignored for this session
1638899795337	geckodriver	INFO	Listening on 127.0.0.1:44731
1638899795340	mozrunner::runner	INFO	Running command: "/usr/bin/firefox" "--marionette" "--headless" "--remote-debugging-port" "43601" "-no-remote" "-profile" "/tmp/rust_mozprofilem9w5wh"
*** You are running in headless mode.
1638899796714	Marionette	INFO	Marionette enabled
[GFX1-]: RenderCompositorSWGL failed mapping default framebuffer, no dt
console.warn: SearchSettings: "get: No settings file exists, new profile?" (new NotFoundError("Could not open the file at /tmp/rust_mozprofilem9w5wh/search.json.mozlz4", (void 0)))
DevTools listening on ws://localhost:43601/devtools/browser/573f6e37-2fbf-440b-9d88-b95faebcca35
1638899797773	Marionette	INFO	Listening on port 46123
1638899797862	RemoteAgent	WARN	TLS certificate errors will be ignored for this session
console.log: WebExtensions: reset-default-search: starting.
console.log: WebExtensions: reset-default-search: No addons in our list are installed.
console.log: WebExtensions: reset-default-search: starting.
console.log: WebExtensions: reset-default-search: No addons in our list are installed.
console.log: WebExtensions: reset-default-search: starting.
console.log: WebExtensions: reset-default-search: No addons in our list are installed.
console.log: WebExtensions: reset-default-search: starting.
console.log: WebExtensions: reset-default-search: No addons in our list are installed.
console.log: WebExtensions: reset-default-search: starting.
console.log: WebExtensions: reset-default-search: No addons in our list are installed.
1638900281377	geckodriver	INFO	Listening on 127.0.0.1:47427
1638900281381	mozrunner::runner	INFO	Running command: "/usr/bin/firefox" "--marionette" "--headless" "--remote-debugging-port" "35437" "-no-remote" "-profile" "/tmp/rust_mozprofileuFspd3"
*** You are running in headless mode.
1638900281812	Marionette	INFO	Marionette enabled
[GFX1-]: RenderCompositorSWGL failed mapping default framebuffer, no dt
console.warn: SearchSettings: "get: No settings file exists, new profile?" (new NotFoundError("Could not open the file at /tmp/rust_mozprofileuFspd3/search.json.mozlz4", (void 0)))
DevTools listening on ws://localhost:35437/devtools/browser/00dab96c-b10b-4988-9e6e-cd7d557b45d3
1638900282824	Marionette	INFO	Listening on port 34269
1638900282933	RemoteAgent	WARN	TLS certificate errors will be ignored for this session
Exiting due to channel error.
Exiting due to channel error.
Exiting due to channel error.
1638900361392	geckodriver	INFO	Listening on 127.0.0.1:53891
1638900361396	mozrunner::runner	INFO	Running command: "/usr/bin/firefox" "--marionette" "--headless" "--remote-debugging-port" "33909" "-no-remote" "-profile" "/tmp/rust_mozprofilex59JjJ"
*** You are running in headless mode.
1638900362757	Marionette	INFO	Marionette enabled
[GFX1-]: RenderCompositorSWGL failed mapping default framebuffer, no dt
console.warn: SearchSettings: "get: No settings file exists, new profile?" (new NotFoundError("Could not open the file at /tmp/rust_mozprofilex59JjJ/search.json.mozlz4", (void 0)))
DevTools listening on ws://localhost:33909/devtools/browser/48c8bd73-41a6-4196-af3f-d0cc1f1edab9
1638900363676	Marionette	INFO	Listening on port 39017
1638900363716	RemoteAgent	WARN	TLS certificate errors will be ignored for this session
Exiting due to channel error.
Exiting due to channel error.
Exiting due to channel error.
1638900433458	geckodriver	INFO	Listening on 127.0.0.1:36215
1638900433461	mozrunner::runner	INFO	Running command: "/usr/bin/firefox" "--marionette" "--headless" "--remote-debugging-port" "40381" "-no-remote" "-profile" "/tmp/rust_mozprofileNwBFzs"
*** You are running in headless mode.
1638900434828	Marionette	INFO	Marionette enabled
[GFX1-]: RenderCompositorSWGL failed mapping default framebuffer, no dt
console.warn: SearchSettings: "get: No settings file exists, new profile?" (new NotFoundError("Could not open the file at /tmp/rust_mozprofileNwBFzs/search.json.mozlz4", (void 0)))
DevTools listening on ws://localhost:40381/devtools/browser/909b315d-4ccc-4812-b40f-ad6935835caa
1638900435893	Marionette	INFO	Listening on port 44391
1638900436010	RemoteAgent	WARN	TLS certificate errors will be ignored for this session
Exiting due to channel error.
Exiting due to channel error.
Exiting due to channel error.
1638900979868	geckodriver	INFO	Listening on 127.0.0.1:59601
1638900979873	mozrunner::runner	INFO	Running command: "/usr/bin/firefox" "--marionette" "--headless" "--remote-debugging-port" "41825" "-no-remote" "-profile" "/tmp/rust_mozprofileMGzO1Q"
*** You are running in headless mode.
1638900981256	Marionette	INFO	Marionette enabled
[GFX1-]: RenderCompositorSWGL failed mapping default framebuffer, no dt
console.warn: SearchSettings: "get: No settings file exists, new profile?" (new NotFoundError("Could not open the file at /tmp/rust_mozprofileMGzO1Q/search.json.mozlz4", (void 0)))
DevTools listening on ws://localhost:41825/devtools/browser/31f831ed-c500-46dd-b51d-a3e40b6ea39a
1638900982248	Marionette	INFO	Listening on port 40725
1638900982292	RemoteAgent	WARN	TLS certificate errors will be ignored for this session
1638901014788	geckodriver	INFO	Listening on 127.0.0.1:43367
1638901014788	geckodriver	INFO	Listening on 127.0.0.1:37069
1638901014788	geckodriver	INFO	Listening on 127.0.0.1:38173
1638901014788	geckodriver	INFO	Listening on 127.0.0.1:44939
1638901014789	geckodriver	INFO	Listening on 127.0.0.1:54395
1638901014789	geckodriver	INFO	Listening on 127.0.0.1:42049
1638901014789	geckodriver	INFO	Listening on 127.0.0.1:33543
1638901014791	geckodriver	INFO	Listening on 127.0.0.1:52959
1638901014791	geckodriver	INFO	Listening on 127.0.0.1:37601
1638901014792	geckodriver	INFO	Listening on 127.0.0.1:34947
1638901014794	mozrunner::runner	INFO	Running command: "/usr/bin/firefox" "--marionette" "--headless" "--remote-debugging-port" "48717" "-no-remote" "-profile" "/tmp/rust_mozprofilez0lT8R"
1638901014795	mozrunner::runner	INFO	Running command: "/usr/bin/firefox" "--marionette" "--headless" "--remote-debugging-port" "46883" "-no-remote" "-profile" "/tmp/rust_mozprofileXlUpiC"
1638901014795	mozrunner::runner	INFO	Running command: "/usr/bin/firefox" "--marionette" "--headless" "--remote-debugging-port" "39771" "-no-remote" "-profile" "/tmp/rust_mozprofile6qsjpg"
1638901014795	mozrunner::runner	INFO	Running command: "/usr/bin/firefox" "--marionette" "--headless" "--remote-debugging-port" "44759" "-no-remote" "-profile" "/tmp/rust_mozprofiledpQGBB"
1638901014795	mozrunner::runner	INFO	Running command: "/usr/bin/firefox" "--marionette" "--headless" "--remote-debugging-port" "43865" "-no-remote" "-profile" "/tmp/rust_mozprofilePkaqRg"
1638901014795	mozrunner::runner	INFO	Running command: "/usr/bin/firefox" "--marionette" "--headless" "--remote-debugging-port" "35839" "-no-remote" "-profile" "/tmp/rust_mozprofileiW4k51"
1638901014796	mozrunner::runner	INFO	Running command: "/usr/bin/firefox" "--marionette" "--headless" "--remote-debugging-port" "47327" "-no-remote" "-profile" "/tmp/rust_mozprofilestlELq"
1638901014798	mozrunner::runner	INFO	Running command: "/usr/bin/firefox" "--marionette" "--headless" "--remote-debugging-port" "44871" "-no-remote" "-profile" "/tmp/rust_mozprofileMVWFQv"
*** You are running in headless mode.
*** You are running in headless mode.
*** You are running in headless mode.
*** You are running in headless mode.
*** You are running in headless mode.
*** You are running in headless mode.
*** You are running in headless mode.
*** You are running in headless mode.
1638901015307	mozrunner::runner	INFO	Running command: "/usr/bin/firefox" "--marionette" "--headless" "--remote-debugging-port" "54207" "-no-remote" "-profile" "/tmp/rust_mozprofile2GjXD1"
1638901015307	mozrunner::runner	INFO	Running command: "/usr/bin/firefox" "--marionette" "--headless" "--remote-debugging-port" "39561" "-no-remote" "-profile" "/tmp/rust_mozprofileTodIOC"
*** You are running in headless mode.
*** You are running in headless mode.
1638901015548	Marionette	INFO	Marionette enabled
1638901015560	Marionette	INFO	Marionette enabled
1638901015562	Marionette	INFO	Marionette enabled
1638901015576	Marionette	INFO	Marionette enabled
1638901015576	Marionette	INFO	Marionette enabled
[GFX1-]: RenderCompositorSWGL failed mapping default framebuffer, no dt
[GFX1-]: RenderCompositorSWGL failed mapping default framebuffer, no dt
[GFX1-]: RenderCompositorSWGL failed mapping default framebuffer, no dt
[GFX1-]: RenderCompositorSWGL failed mapping default framebuffer, no dt
[GFX1-]: RenderCompositorSWGL failed mapping default framebuffer, no dt
console.warn: SearchSettings: "get: No settings file exists, new profile?" (new NotFoundError("Could not open the file at /tmp/rust_mozprofile6qsjpg/search.json.mozlz4", (void 0)))
console.warn: SearchSettings: "get: No settings file exists, new profile?" (new NotFoundError("Could not open the file at /tmp/rust_mozprofileMVWFQv/search.json.mozlz4", (void 0)))
console.warn: SearchSettings: "get: No settings file exists, new profile?" (new NotFoundError("Could not open the file at /tmp/rust_mozprofileXlUpiC/search.json.mozlz4", (void 0)))
1638901016276	Marionette	INFO	Marionette enabled
1638901016281	Marionette	INFO	Marionette enabled
1638901016300	Marionette	INFO	Marionette enabled
console.warn: SearchSettings: "get: No settings file exists, new profile?" (new NotFoundError("Could not open the file at /tmp/rust_mozprofileiW4k51/search.json.mozlz4", (void 0)))
console.warn: SearchSettings: "get: No settings file exists, new profile?" (new NotFoundError("Could not open the file at /tmp/rust_mozprofilePkaqRg/search.json.mozlz4", (void 0)))
1638901016337	Marionette	INFO	Marionette enabled
1638901016368	Marionette	INFO	Marionette enabled
[GFX1-]: RenderCompositorSWGL failed mapping default framebuffer, no dt
[GFX1-]: RenderCompositorSWGL failed mapping default framebuffer, no dt
[GFX1-]: RenderCompositorSWGL failed mapping default framebuffer, no dt
console.warn: SearchSettings: "get: No settings file exists, new profile?" (new NotFoundError("Could not open the file at /tmp/rust_mozprofiledpQGBB/search.json.mozlz4", (void 0)))
console.warn: SearchSettings: "get: No settings file exists, new profile?" (new NotFoundError("Could not open the file at /tmp/rust_mozprofilestlELq/search.json.mozlz4", (void 0)))
console.warn: SearchSettings: "get: No settings file exists, new profile?" (new NotFoundError("Could not open the file at /tmp/rust_mozprofilez0lT8R/search.json.mozlz4", (void 0)))
[GFX1-]: RenderCompositorSWGL failed mapping default framebuffer, no dt
[GFX1-]: RenderCompositorSWGL failed mapping default framebuffer, no dt
console.warn: SearchSettings: "get: No settings file exists, new profile?" (new NotFoundError("Could not open the file at /tmp/rust_mozprofile2GjXD1/search.json.mozlz4", (void 0)))
DevTools listening on ws://localhost:35839/devtools/browser/4eb511af-b86a-4b64-ac6a-ee7443638a91
console.warn: SearchSettings: "get: No settings file exists, new profile?" (new NotFoundError("Could not open the file at /tmp/rust_mozprofileTodIOC/search.json.mozlz4", (void 0)))
DevTools listening on ws://localhost:44871/devtools/browser/5af80832-cb87-44fd-b2c9-0eb816249bd1
DevTools listening on ws://localhost:43865/devtools/browser/d27e3532-d011-48ca-8e2f-072aef832ffc
DevTools listening on ws://localhost:39771/devtools/browser/bb1b3773-c181-40fa-82e3-22ac101bdd09
1638901017789	Marionette	INFO	Listening on port 39919
1638901017818	Marionette	INFO	Listening on port 46325
1638901017830	Marionette	INFO	Listening on port 34035
1638901017831	Marionette	INFO	Listening on port 33071
1638901017839	RemoteAgent	WARN	TLS certificate errors will be ignored for this session
DevTools listening on ws://localhost:46883/devtools/browser/b4b67672-e803-4b33-817b-64c46434063e
1638901017933	RemoteAgent	WARN	TLS certificate errors will be ignored for this session
1638901017945	RemoteAgent	WARN	TLS certificate errors will be ignored for this session
1638901018013	Marionette	INFO	Listening on port 33151
1638901018122	RemoteAgent	WARN	TLS certificate errors will be ignored for this session
DevTools listening on ws://localhost:44759/devtools/browser/2b362b52-41d2-4cbb-8e16-48cd1fb9635e
1638901018524	Marionette	INFO	Listening on port 45149
DevTools listening on ws://localhost:47327/devtools/browser/c801a2e5-4684-43a5-85df-f64c0902a3ae
DevTools listening on ws://localhost:48717/devtools/browser/cd698794-c718-4934-aa5c-3da4f64fc352
1638901018572	Marionette	INFO	Listening on port 41749
1638901018574	Marionette	INFO	Listening on port 41797
1638901018620	RemoteAgent	WARN	TLS certificate errors will be ignored for this session
1638901018629	RemoteAgent	WARN	TLS certificate errors will be ignored for this session
1638901018638	RemoteAgent	WARN	TLS certificate errors will be ignored for this session
1638901018648	RemoteAgent	WARN	TLS certificate errors will be ignored for this session
DevTools listening on ws://localhost:39561/devtools/browser/0b1b2a82-dcc0-42ea-acf8-9c99a029c950
DevTools listening on ws://localhost:54207/devtools/browser/5024bf63-f901-4b74-8010-347c0cf13403
1638901018822	Marionette	INFO	Listening on port 45357
1638901018860	Marionette	INFO	Listening on port 44809
1638901018931	RemoteAgent	WARN	TLS certificate errors will be ignored for this session
1638901018938	RemoteAgent	WARN	TLS certificate errors will be ignored for this session
1638901057894	geckodriver	INFO	Listening on 127.0.0.1:51485
1638901057896	geckodriver	INFO	Listening on 127.0.0.1:37281
1638901057896	geckodriver	INFO	Listening on 127.0.0.1:49667
1638901057896	geckodriver	INFO	Listening on 127.0.0.1:41351
1638901057896	geckodriver	INFO	Listening on 127.0.0.1:43229
1638901057897	geckodriver	INFO	Listening on 127.0.0.1:47117
1638901057897	geckodriver	INFO	Listening on 127.0.0.1:35415
1638901057897	geckodriver	INFO	Listening on 127.0.0.1:49275
1638901057899	geckodriver	INFO	Listening on 127.0.0.1:48999
1638901057902	geckodriver	INFO	Listening on 127.0.0.1:55821
1638901057902	geckodriver	INFO	Listening on 127.0.0.1:38627
1638901057904	geckodriver	INFO	Listening on 127.0.0.1:60391
1638901057906	geckodriver	INFO	Listening on 127.0.0.1:36969
1638901057906	geckodriver	INFO	Listening on 127.0.0.1:59949
1638901057906	mozrunner::runner	INFO	Running command: "/usr/bin/firefox" "--marionette" "--headless" "--remote-debugging-port" "58835" "-no-remote" "-profile" "/tmp/rust_mozprofile6hLUu5"
1638901057907	geckodriver	INFO	Listening on 127.0.0.1:34771
1638901057907	mozrunner::runner	INFO	Running command: "/usr/bin/firefox" "--marionette" "--headless" "--remote-debugging-port" "43911" "-no-remote" "-profile" "/tmp/rust_mozprofileD1FATx"
1638901057908	geckodriver	INFO	Listening on 127.0.0.1:37309
1638901057909	geckodriver	INFO	Listening on 127.0.0.1:46013
1638901057909	mozrunner::runner	INFO	Running command: "/usr/bin/firefox" "--marionette" "--headless" "--remote-debugging-port" "36345" "-no-remote" "-profile" "/tmp/rust_mozprofilewTLjSC"
1638901057911	geckodriver	INFO	Listening on 127.0.0.1:33487
1638901057911	mozrunner::runner	INFO	Running command: "/usr/bin/firefox" "--marionette" "--headless" "--remote-debugging-port" "41979" "-no-remote" "-profile" "/tmp/rust_mozprofilesPoq9G"
1638901057912	geckodriver	INFO	Listening on 127.0.0.1:34581
1638901057913	mozrunner::runner	INFO	Running command: "/usr/bin/firefox" "--marionette" "--headless" "--remote-debugging-port" "45751" "-no-remote" "-profile" "/tmp/rust_mozprofile6Qm7HP"
1638901057914	geckodriver	INFO	Listening on 127.0.0.1:41829
1638901057914	mozrunner::runner	INFO	Running command: "/usr/bin/firefox" "--marionette" "--headless" "--remote-debugging-port" "34769" "-no-remote" "-profile" "/tmp/rust_mozprofileFNVFuN"
1638901057915	mozrunner::runner	INFO	Running command: "/usr/bin/firefox" "--marionette" "--headless" "--remote-debugging-port" "53985" "-no-remote" "-profile" "/tmp/rust_mozprofileFyQsRd"
1638901057915	mozrunner::runner	INFO	Running command: "/usr/bin/firefox" "--marionette" "--headless" "--remote-debugging-port" "44697" "-no-remote" "-profile" "/tmp/rust_mozprofiledAfFho"
1638901057915	mozrunner::runner	INFO	Running command: "/usr/bin/firefox" "--marionette" "--headless" "--remote-debugging-port" "36627" "-no-remote" "-profile" "/tmp/rust_mozprofiletJgZut"
1638901057916	mozrunner::runner	INFO	Running command: "/usr/bin/firefox" "--marionette" "--headless" "--remote-debugging-port" "54217" "-no-remote" "-profile" "/tmp/rust_mozprofilefSFgzp"
1638901057916	mozrunner::runner	INFO	Running command: "/usr/bin/firefox" "--marionette" "--headless" "--remote-debugging-port" "50283" "-no-remote" "-profile" "/tmp/rust_mozprofile8Eer05"
1638901057917	geckodriver	INFO	Listening on 127.0.0.1:44361
1638901057917	geckodriver	INFO	Listening on 127.0.0.1:39103
1638901057918	geckodriver	INFO	Listening on 127.0.0.1:40121
1638901057919	geckodriver	INFO	Listening on 127.0.0.1:41647
1638901057921	geckodriver	INFO	Listening on 127.0.0.1:39049
1638901057922	geckodriver	INFO	Listening on 127.0.0.1:48401
1638901057923	geckodriver	INFO	Listening on 127.0.0.1:52961
1638901057925	mozrunner::runner	INFO	Running command: "/usr/bin/firefox" "--marionette" "--headless" "--remote-debugging-port" "34195" "-no-remote" "-profile" "/tmp/rust_mozprofileFmS4u5"
1638901057925	mozrunner::runner	INFO	Running command: "/usr/bin/firefox" "--marionette" "--headless" "--remote-debugging-port" "50237" "-no-remote" "-profile" "/tmp/rust_mozprofileJGXwXb"
1638901057925	geckodriver	INFO	Listening on 127.0.0.1:53823
1638901057925	mozrunner::runner	INFO	Running command: "/usr/bin/firefox" "--marionette" "--headless" "--remote-debugging-port" "52537" "-no-remote" "-profile" "/tmp/rust_mozprofileDqPmqD"
1638901057926	mozrunner::runner	INFO	Running command: "/usr/bin/firefox" "--marionette" "--headless" "--remote-debugging-port" "32803" "-no-remote" "-profile" "/tmp/rust_mozprofileNp7BQ1"
1638901057927	mozrunner::runner	INFO	Running command: "/usr/bin/firefox" "--marionette" "--headless" "--remote-debugging-port" "48005" "-no-remote" "-profile" "/tmp/rust_mozprofiledEDJQ7"
1638901057928	mozrunner::runner	INFO	Running command: "/usr/bin/firefox" "--marionette" "--headless" "--remote-debugging-port" "53771" "-no-remote" "-profile" "/tmp/rust_mozprofileFuvqoP"
1638901057928	mozrunner::runner	INFO	Running command: "/usr/bin/firefox" "--marionette" "--headless" "--remote-debugging-port" "45915" "-no-remote" "-profile" "/tmp/rust_mozprofilehDpNox"
1638901057930	mozrunner::runner	INFO	Running command: "/usr/bin/firefox" "--marionette" "--headless" "--remote-debugging-port" "54735" "-no-remote" "-profile" "/tmp/rust_mozprofilenOJo6U"
1638901057931	mozrunner::runner	INFO	Running command: "/usr/bin/firefox" "--marionette" "--headless" "--remote-debugging-port" "59377" "-no-remote" "-profile" "/tmp/rust_mozprofilewjvcLX"
1638901057931	geckodriver	INFO	Listening on 127.0.0.1:56001
1638901057932	geckodriver	INFO	Listening on 127.0.0.1:38009
1638901057934	mozrunner::runner	INFO	Running command: "/usr/bin/firefox" "--marionette" "--headless" "--remote-debugging-port" "36033" "-no-remote" "-profile" "/tmp/rust_mozprofile5hNypy"
1638901057935	mozrunner::runner	INFO	Running command: "/usr/bin/firefox" "--marionette" "--headless" "--remote-debugging-port" "39593" "-no-remote" "-profile" "/tmp/rust_mozprofilecpQFAA"
1638901057953	mozrunner::runner	INFO	Running command: "/usr/bin/firefox" "--marionette" "--headless" "--remote-debugging-port" "49053" "-no-remote" "-profile" "/tmp/rust_mozprofile9cf4mx"
*** You are running in headless mode.
*** You are running in headless mode.
*** You are running in headless mode.
*** You are running in headless mode.
*** You are running in headless mode.
*** You are running in headless mode.
*** You are running in headless mode.
*** You are running in headless mode.
*** You are running in headless mode.
*** You are running in headless mode.
*** You are running in headless mode.
*** You are running in headless mode.
*** You are running in headless mode.
*** You are running in headless mode.
*** You are running in headless mode.
*** You are running in headless mode.
*** You are running in headless mode.
*** You are running in headless mode.
*** You are running in headless mode.
*** You are running in headless mode.
*** You are running in headless mode.
*** You are running in headless mode.
*** You are running in headless mode.
1638901058417	mozrunner::runner	INFO	Running command: "/usr/bin/firefox" "--marionette" "--headless" "--remote-debugging-port" "36311" "-no-remote" "-profile" "/tmp/rust_mozprofile9SUboT"
1638901058420	mozrunner::runner	INFO	Running command: "/usr/bin/firefox" "--marionette" "--headless" "--remote-debugging-port" "32975" "-no-remote" "-profile" "/tmp/rust_mozprofile7jW1YE"
1638901058420	mozrunner::runner	INFO	Running command: "/usr/bin/firefox" "--marionette" "--headless" "--remote-debugging-port" "47631" "-no-remote" "-profile" "/tmp/rust_mozprofilehGPllT"
1638901058422	mozrunner::runner	INFO	Running command: "/usr/bin/firefox" "--marionette" "--headless" "--remote-debugging-port" "33375" "-no-remote" "-profile" "/tmp/rust_mozprofilevqQnYQ"
1638901058434	mozrunner::runner	INFO	Running command: "/usr/bin/firefox" "--marionette" "--headless" "--remote-debugging-port" "49089" "-no-remote" "-profile" "/tmp/rust_mozprofileDFNcnC"
1638901058435	mozrunner::runner	INFO	Running command: "/usr/bin/firefox" "--marionette" "--headless" "--remote-debugging-port" "57075" "-no-remote" "-profile" "/tmp/rust_mozprofile3Ta5ky"
1638901058436	mozrunner::runner	INFO	Running command: "/usr/bin/firefox" "--marionette" "--headless" "--remote-debugging-port" "56529" "-no-remote" "-profile" "/tmp/rust_mozprofileZBLnWT"
*** You are running in headless mode.
*** You are running in headless mode.
*** You are running in headless mode.
*** You are running in headless mode.
*** You are running in headless mode.
*** You are running in headless mode.
*** You are running in headless mode.
1638901059707	Marionette	INFO	Marionette enabled
1638901059708	Marionette	INFO	Marionette enabled
1638901059738	Marionette	INFO	Marionette enabled
1638901059756	Marionette	INFO	Marionette enabled
1638901059780	Marionette	INFO	Marionette enabled
1638901059794	Marionette	INFO	Marionette enabled
1638901059802	Marionette	INFO	Marionette enabled
1638901059821	Marionette	INFO	Marionette enabled
1638901059828	Marionette	INFO	Marionette enabled
1638901059841	Marionette	INFO	Marionette enabled
1638901059887	Marionette	INFO	Marionette enabled
1638901059893	Marionette	INFO	Marionette enabled
1638901059919	Marionette	INFO	Marionette enabled
1638901059928	Marionette	INFO	Marionette enabled
1638901059939	Marionette	INFO	Marionette enabled
1638901059972	Marionette	INFO	Marionette enabled
1638901059973	Marionette	INFO	Marionette enabled
1638901059974	Marionette	INFO	Marionette enabled
1638901059975	Marionette	INFO	Marionette enabled
1638901059996	Marionette	INFO	Marionette enabled
1638901060003	Marionette	INFO	Marionette enabled
1638901060014	Marionette	INFO	Marionette enabled
1638901060047	Marionette	INFO	Marionette enabled
1638901060150	Marionette	INFO	Marionette enabled
1638901060201	Marionette	INFO	Marionette enabled
1638901060203	Marionette	INFO	Marionette enabled
1638901060292	Marionette	INFO	Marionette enabled
1638901060318	Marionette	INFO	Marionette enabled
1638901060484	Marionette	INFO	Marionette enabled
1638901060578	Marionette	INFO	Marionette enabled
[GFX1-]: RenderCompositorSWGL failed mapping default framebuffer, no dt
[GFX1-]: RenderCompositorSWGL failed mapping default framebuffer, no dt
[GFX1-]: RenderCompositorSWGL failed mapping default framebuffer, no dt
console.warn: SearchSettings: "get: No settings file exists, new profile?" (new NotFoundError("Could not open the file at /tmp/rust_mozprofiledAfFho/search.json.mozlz4", (void 0)))
[GFX1-]: RenderCompositorSWGL failed mapping default framebuffer, no dt
[GFX1-]: RenderCompositorSWGL failed mapping default framebuffer, no dt
[GFX1-]: RenderCompositorSWGL failed mapping default framebuffer, no dt
console.warn: SearchSettings: "get: No settings file exists, new profile?" (new NotFoundError("Could not open the file at /tmp/rust_mozprofileFmS4u5/search.json.mozlz4", (void 0)))
[GFX1-]: RenderCompositorSWGL failed mapping default framebuffer, no dt
[GFX1-]: RenderCompositorSWGL failed mapping default framebuffer, no dt
console.warn: SearchSettings: "get: No settings file exists, new profile?" (new NotFoundError("Could not open the file at /tmp/rust_mozprofilenOJo6U/search.json.mozlz4", (void 0)))
[GFX1-]: RenderCompositorSWGL failed mapping default framebuffer, no dt
[GFX1-]: RenderCompositorSWGL failed mapping default framebuffer, no dt
console.warn: SearchSettings: "get: No settings file exists, new profile?" (new NotFoundError("Could not open the file at /tmp/rust_mozprofilesPoq9G/search.json.mozlz4", (void 0)))
console.warn: SearchSettings: "get: No settings file exists, new profile?" (new NotFoundError("Could not open the file at /tmp/rust_mozprofileFyQsRd/search.json.mozlz4", (void 0)))
console.warn: SearchSettings: "get: No settings file exists, new profile?" (new NotFoundError("Could not open the file at /tmp/rust_mozprofile7jW1YE/search.json.mozlz4", (void 0)))
console.warn: SearchSettings: "get: No settings file exists, new profile?" (new NotFoundError("Could not open the file at /tmp/rust_mozprofilewTLjSC/search.json.mozlz4", (void 0)))
[GFX1-]: RenderCompositorSWGL failed mapping default framebuffer, no dt
[GFX1-]: RenderCompositorSWGL failed mapping default framebuffer, no dt
[GFX1-]: RenderCompositorSWGL failed mapping default framebuffer, no dt
console.warn: SearchSettings: "get: No settings file exists, new profile?" (new NotFoundError("Could not open the file at /tmp/rust_mozprofilefSFgzp/search.json.mozlz4", (void 0)))
[GFX1-]: RenderCompositorSWGL failed mapping default framebuffer, no dt
console.warn: SearchSettings: "get: No settings file exists, new profile?" (new NotFoundError("Could not open the file at /tmp/rust_mozprofile8Eer05/search.json.mozlz4", (void 0)))
[GFX1-]: RenderCompositorSWGL failed mapping default framebuffer, no dt
console.warn: SearchSettings: "get: No settings file exists, new profile?" (new NotFoundError("Could not open the file at /tmp/rust_mozprofile5hNypy/search.json.mozlz4", (void 0)))
[GFX1-]: RenderCompositorSWGL failed mapping default framebuffer, no dt
console.warn: SearchSettings: "get: No settings file exists, new profile?" (new NotFoundError("Could not open the file at /tmp/rust_mozprofileNp7BQ1/search.json.mozlz4", (void 0)))
[GFX1-]: RenderCompositorSWGL failed mapping default framebuffer, no dt
[GFX1-]: RenderCompositorSWGL failed mapping default framebuffer, no dt
[GFX1-]: RenderCompositorSWGL failed mapping default framebuffer, no dt
[GFX1-]: RenderCompositorSWGL failed mapping default framebuffer, no dt
[GFX1-]: RenderCompositorSWGL failed mapping default framebuffer, no dt
[GFX1-]: RenderCompositorSWGL failed mapping default framebuffer, no dt
[GFX1-]: RenderCompositorSWGL failed mapping default framebuffer, no dt
[GFX1-]: RenderCompositorSWGL failed mapping default framebuffer, no dt
[GFX1-]: RenderCompositorSWGL failed mapping default framebuffer, no dt
console.warn: SearchSettings: "get: No settings file exists, new profile?" (new NotFoundError("Could not open the file at /tmp/rust_mozprofileD1FATx/search.json.mozlz4", (void 0)))
console.warn: SearchSettings: "get: No settings file exists, new profile?" (new NotFoundError("Could not open the file at /tmp/rust_mozprofileJGXwXb/search.json.mozlz4", (void 0)))
console.warn: SearchSettings: "get: No settings file exists, new profile?" (new NotFoundError("Could not open the file at /tmp/rust_mozprofileDqPmqD/search.json.mozlz4", (void 0)))
[GFX1-]: RenderCompositorSWGL failed mapping default framebuffer, no dt
console.warn: SearchSettings: "get: No settings file exists, new profile?" (new NotFoundError("Could not open the file at /tmp/rust_mozprofilewjvcLX/search.json.mozlz4", (void 0)))
console.warn: SearchSettings: "get: No settings file exists, new profile?" (new NotFoundError("Could not open the file at /tmp/rust_mozprofileFuvqoP/search.json.mozlz4", (void 0)))
console.warn: SearchSettings: "get: No settings file exists, new profile?" (new NotFoundError("Could not open the file at /tmp/rust_mozprofileDFNcnC/search.json.mozlz4", (void 0)))
console.warn: SearchSettings: "get: No settings file exists, new profile?" (new NotFoundError("Could not open the file at /tmp/rust_mozprofiledEDJQ7/search.json.mozlz4", (void 0)))
console.warn: SearchSettings: "get: No settings file exists, new profile?" (new NotFoundError("Could not open the file at /tmp/rust_mozprofilehDpNox/search.json.mozlz4", (void 0)))
console.warn: SearchSettings: "get: No settings file exists, new profile?" (new NotFoundError("Could not open the file at /tmp/rust_mozprofile9cf4mx/search.json.mozlz4", (void 0)))
console.warn: SearchSettings: "get: No settings file exists, new profile?" (new NotFoundError("Could not open the file at /tmp/rust_mozprofileFNVFuN/search.json.mozlz4", (void 0)))
console.warn: SearchSettings: "get: No settings file exists, new profile?" (new NotFoundError("Could not open the file at /tmp/rust_mozprofilecpQFAA/search.json.mozlz4", (void 0)))
[GFX1-]: RenderCompositorSWGL failed mapping default framebuffer, no dt
console.warn: SearchSettings: "get: No settings file exists, new profile?" (new NotFoundError("Could not open the file at /tmp/rust_mozprofilevqQnYQ/search.json.mozlz4", (void 0)))
console.warn: SearchSettings: "get: No settings file exists, new profile?" (new NotFoundError("Could not open the file at /tmp/rust_mozprofile3Ta5ky/search.json.mozlz4", (void 0)))
console.warn: SearchSettings: "get: No settings file exists, new profile?" (new NotFoundError("Could not open the file at /tmp/rust_mozprofile6Qm7HP/search.json.mozlz4", (void 0)))
console.warn: SearchSettings: "get: No settings file exists, new profile?" (new NotFoundError("Could not open the file at /tmp/rust_mozprofile6hLUu5/search.json.mozlz4", (void 0)))
[GFX1-]: RenderCompositorSWGL failed mapping default framebuffer, no dt
[GFX1-]: RenderCompositorSWGL failed mapping default framebuffer, no dt
[GFX1-]: RenderCompositorSWGL failed mapping default framebuffer, no dt
console.warn: SearchSettings: "get: No settings file exists, new profile?" (new NotFoundError("Could not open the file at /tmp/rust_mozprofiletJgZut/search.json.mozlz4", (void 0)))
console.warn: SearchSettings: "get: No settings file exists, new profile?" (new NotFoundError("Could not open the file at /tmp/rust_mozprofileZBLnWT/search.json.mozlz4", (void 0)))
console.warn: SearchSettings: "get: No settings file exists, new profile?" (new NotFoundError("Could not open the file at /tmp/rust_mozprofile9SUboT/search.json.mozlz4", (void 0)))
console.warn: SearchSettings: "get: No settings file exists, new profile?" (new NotFoundError("Could not open the file at /tmp/rust_mozprofilehGPllT/search.json.mozlz4", (void 0)))
DevTools listening on ws://localhost:54735/devtools/browser/3bb4c044-6e6b-4fa5-8097-fb4c380428a3
1638901068261	Marionette	INFO	Listening on port 36771
1638901068568	RemoteAgent	WARN	TLS certificate errors will be ignored for this session
DevTools listening on ws://localhost:44697/devtools/browser/4749027b-7927-4d39-9558-539bd4430a10
DevTools listening on ws://localhost:49089/devtools/browser/6f7d7691-7bae-40b6-a48c-b08071f708cf
DevTools listening on ws://localhost:52537/devtools/browser/beb92ac4-4e89-40b1-9fed-7f899c52dc75
1638901069181	Marionette	INFO	Listening on port 40413
DevTools listening on ws://localhost:36345/devtools/browser/4a285663-e5d6-42ac-a824-d6dac42304e6
1638901069306	Marionette	INFO	Listening on port 42537
1638901069341	Marionette	INFO	Listening on port 38067
1638901069365	RemoteAgent	WARN	TLS certificate errors will be ignored for this session
DevTools listening on ws://localhost:34195/devtools/browser/29211ab9-e6ce-4f3b-bfd5-ff88a3da3585
1638901069537	Marionette	INFO	Listening on port 43905
DevTools listening on ws://localhost:32975/devtools/browser/16882d34-92df-4308-9256-72de6764f281
DevTools listening on ws://localhost:45915/devtools/browser/da1fd6d7-fcb1-4e4e-9233-80f7d68130e2
1638901069619	RemoteAgent	WARN	TLS certificate errors will be ignored for this session
1638901069642	RemoteAgent	WARN	TLS certificate errors will be ignored for this session
DevTools listening on ws://localhost:53771/devtools/browser/75705457-0951-49d7-8479-37707924d49d
1638901069719	RemoteAgent	WARN	TLS certificate errors will be ignored for this session
1638901069862	Marionette	INFO	Listening on port 34753
DevTools listening on ws://localhost:48005/devtools/browser/b6e1f3ac-609f-485a-87db-7452a050d561
1638901069869	Marionette	INFO	Listening on port 39191
DevTools listening on ws://localhost:53985/devtools/browser/234b2df9-999d-43b2-82a5-21aee5d18ec0
1638901069914	Marionette	INFO	Listening on port 33529
DevTools listening on ws://localhost:32803/devtools/browser/73c9d646-83c7-41a6-9af2-17bdfd9e1921
DevTools listening on ws://localhost:50283/devtools/browser/cc0e808e-3739-4441-be9e-fa67dc1c6220
1638901070019	Marionette	INFO	Listening on port 32867
1638901070073	Marionette	INFO	Listening on port 35877
1638901070077	RemoteAgent	WARN	TLS certificate errors will be ignored for this session
1638901070080	RemoteAgent	WARN	TLS certificate errors will be ignored for this session
1638901070100	RemoteAgent	WARN	TLS certificate errors will be ignored for this session
DevTools listening on ws://localhost:57075/devtools/browser/dc392c79-21ef-44b6-8073-b37e7740f2be
1638901070149	Marionette	INFO	Listening on port 39121
DevTools listening on ws://localhost:45751/devtools/browser/1515d4c1-977d-411b-9197-ce3bc55e2b7c
DevTools listening on ws://localhost:47631/devtools/browser/c4eac57a-5f16-4c4a-b618-cf23e8abc392
1638901070161	RemoteAgent	WARN	TLS certificate errors will be ignored for this session
DevTools listening on ws://localhost:54217/devtools/browser/80b831b4-c8ca-4f3e-b556-90d02b78a85c
1638901070229	Marionette	INFO	Listening on port 44141
1638901070246	RemoteAgent	WARN	TLS certificate errors will be ignored for this session
1638901070258	RemoteAgent	WARN	TLS certificate errors will be ignored for this session
1638901070306	Marionette	INFO	Listening on port 46467
1638901070319	Marionette	INFO	Listening on port 37245
1638901070336	Marionette	INFO	Listening on port 33581
DevTools listening on ws://localhost:50237/devtools/browser/850dd8c7-e9d6-46c7-87ca-ed448a37d85f
1638901070364	Marionette	INFO	Listening on port 42973
DevTools listening on ws://localhost:39593/devtools/browser/ad776dce-638c-49e4-a92e-975c70b91246
1638901070388	RemoteAgent	WARN	TLS certificate errors will be ignored for this session
1638901070434	Marionette	INFO	Listening on port 36161
DevTools listening on ws://localhost:34769/devtools/browser/d21c513e-720a-4b2f-84bd-1138d5d19f8b
DevTools listening on ws://localhost:59377/devtools/browser/a64f332d-b3aa-4cd3-90df-5668343aa971
1638901070479	Marionette	INFO	Listening on port 44301
1638901070481	RemoteAgent	WARN	TLS certificate errors will be ignored for this session
1638901070488	RemoteAgent	WARN	TLS certificate errors will be ignored for this session
1638901070510	Marionette	INFO	Listening on port 39149
1638901070551	RemoteAgent	WARN	TLS certificate errors will be ignored for this session
1638901070586	RemoteAgent	WARN	TLS certificate errors will be ignored for this session
1638901070600	Marionette	INFO	Listening on port 37983
1638901070628	RemoteAgent	WARN	TLS certificate errors will be ignored for this session
1638901070643	RemoteAgent	WARN	TLS certificate errors will be ignored for this session
DevTools listening on ws://localhost:56529/devtools/browser/12dec86b-0b24-4444-82ad-b17acf3b992a
DevTools listening on ws://localhost:43911/devtools/browser/0f987868-2e1c-43ce-949b-6d343a653c65
1638901070684	Marionette	INFO	Listening on port 46147
DevTools listening on ws://localhost:36627/devtools/browser/0c7d0fca-e031-4189-9062-8e7def62dc74
DevTools listening on ws://localhost:41979/devtools/browser/9ba6f21e-8d6d-4747-9538-e31b5b3c5673
1638901070746	Marionette	INFO	Listening on port 43149
1638901070746	RemoteAgent	WARN	TLS certificate errors will be ignored for this session
1638901070804	RemoteAgent	WARN	TLS certificate errors will be ignored for this session
1638901070888	Marionette	INFO	Listening on port 36027
1638901070905	RemoteAgent	WARN	TLS certificate errors will be ignored for this session
DevTools listening on ws://localhost:49053/devtools/browser/2a256c73-dd79-4292-9427-0f5d07d6acc8
1638901070931	RemoteAgent	WARN	TLS certificate errors will be ignored for this session
DevTools listening on ws://localhost:58835/devtools/browser/cf19a95c-7575-4ef8-b86f-eead2d59dbc1
1638901070992	RemoteAgent	WARN	TLS certificate errors will be ignored for this session
DevTools listening on ws://localhost:33375/devtools/browser/76bb779d-bd4e-4178-934d-a380c4e5d542
1638901071026	Marionette	INFO	Listening on port 42281
1638901071069	Marionette	INFO	Listening on port 40235
1638901071077	Marionette	INFO	Listening on port 34455
1638901071137	Marionette	INFO	Listening on port 39009
1638901071166	Marionette	INFO	Listening on port 39275
DevTools listening on ws://localhost:36311/devtools/browser/a18226bc-97a1-4674-b45a-31df8e78eac1
1638901071194	RemoteAgent	WARN	TLS certificate errors will be ignored for this session
1638901071202	RemoteAgent	WARN	TLS certificate errors will be ignored for this session
1638901071263	RemoteAgent	WARN	TLS certificate errors will be ignored for this session
1638901071268	RemoteAgent	WARN	TLS certificate errors will be ignored for this session
1638901071280	RemoteAgent	WARN	TLS certificate errors will be ignored for this session
1638901071355	Marionette	INFO	Listening on port 45789
1638901071429	RemoteAgent	WARN	TLS certificate errors will be ignored for this session
DevTools listening on ws://localhost:36033/devtools/browser/7593f7af-eadb-49ac-aaa9-ac7d2670cc7a
1638901071544	Marionette	INFO	Listening on port 46023
1638901071653	RemoteAgent	WARN	TLS certificate errors will be ignored for this session
1638901221558	geckodriver	INFO	Listening on 127.0.0.1:59489
1638901221558	geckodriver	INFO	Listening on 127.0.0.1:44343
1638901221558	geckodriver	INFO	Listening on 127.0.0.1:56677
1638901221558	geckodriver	INFO	Listening on 127.0.0.1:57969
1638901221558	geckodriver	INFO	Listening on 127.0.0.1:36373
1638901221564	mozrunner::runner	INFO	Running command: "/usr/bin/firefox" "--marionette" "--headless" "--remote-debugging-port" "52797" "-no-remote" "-profile" "/tmp/rust_mozprofilexUZ05o"
1638901221564	mozrunner::runner	INFO	Running command: "/usr/bin/firefox" "--marionette" "--headless" "--remote-debugging-port" "54873" "-no-remote" "-profile" "/tmp/rust_mozprofilevZLoEA"
1638901221564	mozrunner::runner	INFO	Running command: "/usr/bin/firefox" "--marionette" "--headless" "--remote-debugging-port" "51383" "-no-remote" "-profile" "/tmp/rust_mozprofileQgZIPu"
1638901221565	mozrunner::runner	INFO	Running command: "/usr/bin/firefox" "--marionette" "--headless" "--remote-debugging-port" "59643" "-no-remote" "-profile" "/tmp/rust_mozprofileY7VLwB"
1638901221566	mozrunner::runner	INFO	Running command: "/usr/bin/firefox" "--marionette" "--headless" "--remote-debugging-port" "57113" "-no-remote" "-profile" "/tmp/rust_mozprofileiV4ttJ"
*** You are running in headless mode.
*** You are running in headless mode.
*** You are running in headless mode.
*** You are running in headless mode.
*** You are running in headless mode.
1638901223084	Marionette	INFO	Marionette enabled
1638901223085	Marionette	INFO	Marionette enabled
1638901223085	Marionette	INFO	Marionette enabled
1638901223092	Marionette	INFO	Marionette enabled
1638901223092	Marionette	INFO	Marionette enabled
[GFX1-]: RenderCompositorSWGL failed mapping default framebuffer, no dt
[GFX1-]: RenderCompositorSWGL failed mapping default framebuffer, no dt
[GFX1-]: RenderCompositorSWGL failed mapping default framebuffer, no dt
[GFX1-]: RenderCompositorSWGL failed mapping default framebuffer, no dt
[GFX1-]: RenderCompositorSWGL failed mapping default framebuffer, no dt
console.warn: SearchSettings: "get: No settings file exists, new profile?" (new NotFoundError("Could not open the file at /tmp/rust_mozprofileY7VLwB/search.json.mozlz4", (void 0)))
console.warn: SearchSettings: "get: No settings file exists, new profile?" (new NotFoundError("Could not open the file at /tmp/rust_mozprofileiV4ttJ/search.json.mozlz4", (void 0)))
console.warn: SearchSettings: "get: No settings file exists, new profile?" (new NotFoundError("Could not open the file at /tmp/rust_mozprofileQgZIPu/search.json.mozlz4", (void 0)))
console.warn: SearchSettings: "get: No settings file exists, new profile?" (new NotFoundError("Could not open the file at /tmp/rust_mozprofilevZLoEA/search.json.mozlz4", (void 0)))
console.warn: SearchSettings: "get: No settings file exists, new profile?" (new NotFoundError("Could not open the file at /tmp/rust_mozprofilexUZ05o/search.json.mozlz4", (void 0)))
DevTools listening on ws://localhost:57113/devtools/browser/008b4fce-b8a7-439b-9e3d-9c9a55f6e881
1638901225012	Marionette	INFO	Listening on port 45761
DevTools listening on ws://localhost:51383/devtools/browser/1bb23a4a-0693-461d-98f8-fce700b4140b
DevTools listening on ws://localhost:54873/devtools/browser/b284d763-0d87-4b08-8fe6-b13b91c147f1
DevTools listening on ws://localhost:52797/devtools/browser/00dc5156-a89e-49b3-b780-1d34d20c7bbd
1638901225101	RemoteAgent	WARN	TLS certificate errors will be ignored for this session
DevTools listening on ws://localhost:59643/devtools/browser/f7be8e14-6a0e-418f-98ea-a698b3d6730e
1638901225164	Marionette	INFO	Listening on port 32891
1638901225212	Marionette	INFO	Listening on port 34197
1638901225214	Marionette	INFO	Listening on port 33853
1638901225217	RemoteAgent	WARN	TLS certificate errors will be ignored for this session
1638901225270	Marionette	INFO	Listening on port 41649
1638901225294	RemoteAgent	WARN	TLS certificate errors will be ignored for this session
1638901225295	RemoteAgent	WARN	TLS certificate errors will be ignored for this session
1638901225299	RemoteAgent	WARN	TLS certificate errors will be ignored for this session
console.log: WebExtensions: reset-default-search: starting.
console.log: WebExtensions: reset-default-search: No addons in our list are installed.
console.log: WebExtensions: reset-default-search: starting.
console.log: WebExtensions: reset-default-search: starting.
console.log: WebExtensions: reset-default-search: starting.
console.log: WebExtensions: reset-default-search: starting.
console.log: WebExtensions: reset-default-search: No addons in our list are installed.
console.log: WebExtensions: reset-default-search: No addons in our list are installed.
console.log: WebExtensions: reset-default-search: No addons in our list are installed.
console.log: WebExtensions: reset-default-search: starting.
console.log: WebExtensions: reset-default-search: No addons in our list are installed.
console.log: WebExtensions: reset-default-search: No addons in our list are installed.
console.log: WebExtensions: reset-default-search: starting.
console.log: WebExtensions: reset-default-search: starting.
console.log: WebExtensions: reset-default-search: starting.
console.log: WebExtensions: reset-default-search: starting.
console.log: WebExtensions: reset-default-search: No addons in our list are installed.
console.log: WebExtensions: reset-default-search: starting.
console.log: WebExtensions: reset-default-search: No addons in our list are installed.
console.log: WebExtensions: reset-default-search: No addons in our list are installed.
console.log: WebExtensions: reset-default-search: No addons in our list are installed.
console.log: WebExtensions: reset-default-search: No addons in our list are installed.
console.log: WebExtensions: reset-default-search: starting.
console.log: WebExtensions: reset-default-search: starting.
console.log: WebExtensions: reset-default-search: No addons in our list are installed.
console.log: WebExtensions: reset-default-search: No addons in our list are installed.
console.log: WebExtensions: reset-default-search: starting.
console.log: WebExtensions: reset-default-search: starting.
console.log: WebExtensions: reset-default-search: No addons in our list are installed.
console.log: WebExtensions: reset-default-search: starting.
console.log: WebExtensions: reset-default-search: starting.
console.log: WebExtensions: reset-default-search: No addons in our list are installed.
console.log: WebExtensions: reset-default-search: No addons in our list are installed.
console.log: WebExtensions: reset-default-search: starting.
console.log: WebExtensions: reset-default-search: starting.
console.log: WebExtensions: reset-default-search: starting.
console.log: WebExtensions: reset-default-search: No addons in our list are installed.
console.log: WebExtensions: reset-default-search: No addons in our list are installed.
console.log: WebExtensions: reset-default-search: No addons in our list are installed.
console.log: WebExtensions: reset-default-search: starting.
console.log: WebExtensions: reset-default-search: No addons in our list are installed.
console.log: WebExtensions: reset-default-search: starting.
console.log: WebExtensions: reset-default-search: starting.
console.log: WebExtensions: reset-default-search: No addons in our list are installed.
console.log: WebExtensions: reset-default-search: No addons in our list are installed.
console.log: WebExtensions: reset-default-search: starting.
console.log: WebExtensions: reset-default-search: starting.
console.log: WebExtensions: reset-default-search: starting.
console.log: WebExtensions: reset-default-search: No addons in our list are installed.
console.log: WebExtensions: reset-default-search: starting.
console.log: WebExtensions: reset-default-search: No addons in our list are installed.
console.log: WebExtensions: reset-default-search: starting.
console.log: WebExtensions: reset-default-search: starting.
console.log: WebExtensions: reset-default-search: No addons in our list are installed.
console.log: WebExtensions: reset-default-search: No addons in our list are installed.
console.log: WebExtensions: reset-default-search: starting.
console.log: WebExtensions: reset-default-search: starting.
console.log: WebExtensions: reset-default-search: starting.
console.log: WebExtensions: reset-default-search: starting.
console.log: WebExtensions: reset-default-search: starting.
console.log: WebExtensions: reset-default-search: No addons in our list are installed.
console.log: WebExtensions: reset-default-search: No addons in our list are installed.
console.log: WebExtensions: reset-default-search: No addons in our list are installed.
console.log: WebExtensions: reset-default-search: No addons in our list are installed.
console.log: WebExtensions: reset-default-search: No addons in our list are installed.
console.log: WebExtensions: reset-default-search: starting.
console.log: WebExtensions: reset-default-search: No addons in our list are installed.
console.log: WebExtensions: reset-default-search: starting.
console.log: WebExtensions: reset-default-search: No addons in our list are installed.
console.log: WebExtensions: reset-default-search: No addons in our list are installed.
console.log: WebExtensions: reset-default-search: starting.
console.log: WebExtensions: reset-default-search: No addons in our list are installed.
console.log: WebExtensions: reset-default-search: starting.
console.log: WebExtensions: reset-default-search: starting.
console.log: WebExtensions: reset-default-search: No addons in our list are installed.
console.log: WebExtensions: reset-default-search: No addons in our list are installed.
console.log: WebExtensions: reset-default-search: starting.
console.log: WebExtensions: reset-default-search: starting.
console.log: WebExtensions: reset-default-search: No addons in our list are installed.
console.log: WebExtensions: reset-default-search: No addons in our list are installed.
console.log: WebExtensions: reset-default-search: No addons in our list are installed.
console.log: WebExtensions: reset-default-search: No addons in our list are installed.
